<?xml version="1.0" encoding="UTF-8"?>
<testng-results skipped="0" failed="0" ignored="0" total="1" passed="1">
  <reporter-output>
  </reporter-output>
  <suite name="Default suite" duration-ms="45" started-at="2018-05-09T18:50:42Z" finished-at="2018-05-09T18:50:42Z">
    <groups>
    </groups>
    <test name="Default test" duration-ms="45" started-at="2018-05-09T18:50:42Z" finished-at="2018-05-09T18:50:42Z">
      <class name="qwa.Suman">
        <test-method status="PASS" signature="test()[pri:0, instance:qwa.Suman@32d992b2]" name="test" duration-ms="12" started-at="2018-05-09T18:50:42Z" finished-at="2018-05-09T18:50:42Z">
          <reporter-output>
          </reporter-output>
        </test-method> <!-- test -->
      </class> <!-- qwa.Suman -->
    </test> <!-- Default test -->
  </suite> <!-- Default suite -->
</testng-results>
