<?xml version="1.0" encoding="UTF-8"?>
<testng-results skipped="0" failed="0" ignored="0" total="1" passed="1">
  <reporter-output>
  </reporter-output>
  <suite name="Default suite" duration-ms="41" started-at="2018-05-09T12:37:27Z" finished-at="2018-05-09T12:37:27Z">
    <groups>
    </groups>
    <test name="Default test" duration-ms="41" started-at="2018-05-09T12:37:27Z" finished-at="2018-05-09T12:37:27Z">
      <class name="Evs">
        <test-method status="PASS" signature="test()[pri:0, instance:Evs@6767c1fc]" name="test" duration-ms="14" started-at="2018-05-09T12:37:27Z" finished-at="2018-05-09T12:37:27Z">
          <reporter-output>
          </reporter-output>
        </test-method> <!-- test -->
      </class> <!-- Evs -->
    </test> <!-- Default test -->
  </suite> <!-- Default suite -->
</testng-results>
